ARM GAS  C:\Users\binhp\AppData\Local\Temp\ccCmVis2.s 			page 1


   1              		.cpu cortex-m3
   2              		.arch armv7-m
   3              		.fpu softvfp
   4              		.eabi_attribute 20, 1
   5              		.eabi_attribute 21, 1
   6              		.eabi_attribute 23, 3
   7              		.eabi_attribute 24, 1
   8              		.eabi_attribute 25, 1
   9              		.eabi_attribute 26, 1
  10              		.eabi_attribute 30, 1
  11              		.eabi_attribute 34, 1
  12              		.eabi_attribute 18, 4
  13              		.file	"hal_gpio.c"
  14              		.text
  15              	.Ltext0:
  16              		.cfi_sections	.debug_frame
  17              		.file 1 "Src/hal_gpio.c"
  18              		.section	.text.hal_gpio_builtin_led_init,"ax",%progbits
  19              		.align	1
  20              		.global	hal_gpio_builtin_led_init
  21              		.syntax unified
  22              		.thumb
  23              		.thumb_func
  25              	hal_gpio_builtin_led_init:
  26              	.LFB66:
   1:Src/hal_gpio.c **** 
   2:Src/hal_gpio.c **** #include "hal_gpio.h"
   3:Src/hal_gpio.c **** #include "main.h"
   4:Src/hal_gpio.c **** 
   5:Src/hal_gpio.c **** 
   6:Src/hal_gpio.c **** void MX_GPIO_Init(void)
   7:Src/hal_gpio.c **** {
   8:Src/hal_gpio.c ****   /* GPIO Ports Clock Enable */
   9:Src/hal_gpio.c ****   GPIOD_CLK_ENABLE();
  10:Src/hal_gpio.c ****   hal_gpio_builtin_led_init();
  11:Src/hal_gpio.c **** }
  12:Src/hal_gpio.c **** 
  13:Src/hal_gpio.c **** 
  14:Src/hal_gpio.c **** void hal_gpio_builtin_led_init()
  15:Src/hal_gpio.c **** {
  27              		.loc 1 15 1 view -0
  28              		.cfi_startproc
  29              		@ args = 0, pretend = 0, frame = 24
  30              		@ frame_needed = 0, uses_anonymous_args = 0
  31 0000 70B5     		push	{r4, r5, r6, lr}
  32              	.LCFI0:
  33              		.cfi_def_cfa_offset 16
  34              		.cfi_offset 4, -16
  35              		.cfi_offset 5, -12
  36              		.cfi_offset 6, -8
  37              		.cfi_offset 14, -4
  38 0002 86B0     		sub	sp, sp, #24
  39              	.LCFI1:
  40              		.cfi_def_cfa_offset 40
  16:Src/hal_gpio.c ****   GPIO_InitTypeDef GPIO_InitStruct = {0};
  41              		.loc 1 16 3 view .LVU1
  42              		.loc 1 16 20 is_stmt 0 view .LVU2
ARM GAS  C:\Users\binhp\AppData\Local\Temp\ccCmVis2.s 			page 2


  43 0004 0024     		movs	r4, #0
  44 0006 0294     		str	r4, [sp, #8]
  45 0008 0394     		str	r4, [sp, #12]
  46 000a 0494     		str	r4, [sp, #16]
  47 000c 0594     		str	r4, [sp, #20]
  17:Src/hal_gpio.c **** 
  18:Src/hal_gpio.c ****   GPIOC_CLK_ENABLE();
  48              		.loc 1 18 3 is_stmt 1 view .LVU3
  49              	.LBB2:
  50              		.loc 1 18 3 view .LVU4
  51              		.loc 1 18 3 view .LVU5
  52 000e 0E4B     		ldr	r3, .L3
  53 0010 9A69     		ldr	r2, [r3, #24]
  54 0012 42F01002 		orr	r2, r2, #16
  55 0016 9A61     		str	r2, [r3, #24]
  56              		.loc 1 18 3 view .LVU6
  57 0018 9B69     		ldr	r3, [r3, #24]
  58 001a 03F01003 		and	r3, r3, #16
  59 001e 0193     		str	r3, [sp, #4]
  60              		.loc 1 18 3 view .LVU7
  61 0020 019B     		ldr	r3, [sp, #4]
  62              	.LBE2:
  63              		.loc 1 18 3 view .LVU8
  19:Src/hal_gpio.c ****   /*Configure GPIO pin : PC13 */
  20:Src/hal_gpio.c ****   GPIO_InitStruct.Pin = BUILTIN_LED_PIN;
  64              		.loc 1 20 3 view .LVU9
  65              		.loc 1 20 23 is_stmt 0 view .LVU10
  66 0022 4FF40056 		mov	r6, #8192
  67 0026 0296     		str	r6, [sp, #8]
  21:Src/hal_gpio.c ****   GPIO_InitStruct.Mode = GPIO_MODE_OUTPUT_PP;
  68              		.loc 1 21 3 is_stmt 1 view .LVU11
  69              		.loc 1 21 24 is_stmt 0 view .LVU12
  70 0028 0123     		movs	r3, #1
  71 002a 0393     		str	r3, [sp, #12]
  22:Src/hal_gpio.c ****   GPIO_InitStruct.Pull = GPIO_NOPULL;
  72              		.loc 1 22 3 is_stmt 1 view .LVU13
  23:Src/hal_gpio.c ****   GPIO_InitStruct.Speed = GPIO_SPEED_FREQ_LOW;
  73              		.loc 1 23 3 view .LVU14
  74              		.loc 1 23 25 is_stmt 0 view .LVU15
  75 002c 0223     		movs	r3, #2
  76 002e 0593     		str	r3, [sp, #20]
  24:Src/hal_gpio.c ****   HAL_GPIO_Init(BUILTIN_LED_PORT, &GPIO_InitStruct);
  77              		.loc 1 24 3 is_stmt 1 view .LVU16
  78 0030 064D     		ldr	r5, .L3+4
  79 0032 02A9     		add	r1, sp, #8
  80 0034 2846     		mov	r0, r5
  81 0036 FFF7FEFF 		bl	HAL_GPIO_Init
  82              	.LVL0:
  25:Src/hal_gpio.c **** 
  26:Src/hal_gpio.c ****   /*Configure GPIO pin Output Level */
  27:Src/hal_gpio.c ****   HAL_GPIO_WritePin(BUILTIN_LED_PORT, BUILTIN_LED_PIN, GPIO_PIN_RESET);
  83              		.loc 1 27 3 view .LVU17
  84 003a 2246     		mov	r2, r4
  85 003c 3146     		mov	r1, r6
  86 003e 2846     		mov	r0, r5
  87 0040 FFF7FEFF 		bl	HAL_GPIO_WritePin
  88              	.LVL1:
ARM GAS  C:\Users\binhp\AppData\Local\Temp\ccCmVis2.s 			page 3


  28:Src/hal_gpio.c **** }
  89              		.loc 1 28 1 is_stmt 0 view .LVU18
  90 0044 06B0     		add	sp, sp, #24
  91              	.LCFI2:
  92              		.cfi_def_cfa_offset 16
  93              		@ sp needed
  94 0046 70BD     		pop	{r4, r5, r6, pc}
  95              	.L4:
  96              		.align	2
  97              	.L3:
  98 0048 00100240 		.word	1073876992
  99 004c 00100140 		.word	1073811456
 100              		.cfi_endproc
 101              	.LFE66:
 103              		.section	.text.MX_GPIO_Init,"ax",%progbits
 104              		.align	1
 105              		.global	MX_GPIO_Init
 106              		.syntax unified
 107              		.thumb
 108              		.thumb_func
 110              	MX_GPIO_Init:
 111              	.LFB65:
   7:Src/hal_gpio.c ****   /* GPIO Ports Clock Enable */
 112              		.loc 1 7 1 is_stmt 1 view -0
 113              		.cfi_startproc
 114              		@ args = 0, pretend = 0, frame = 8
 115              		@ frame_needed = 0, uses_anonymous_args = 0
 116 0000 00B5     		push	{lr}
 117              	.LCFI3:
 118              		.cfi_def_cfa_offset 4
 119              		.cfi_offset 14, -4
 120 0002 83B0     		sub	sp, sp, #12
 121              	.LCFI4:
 122              		.cfi_def_cfa_offset 16
   9:Src/hal_gpio.c ****   hal_gpio_builtin_led_init();
 123              		.loc 1 9 3 view .LVU20
 124              	.LBB3:
   9:Src/hal_gpio.c ****   hal_gpio_builtin_led_init();
 125              		.loc 1 9 3 view .LVU21
   9:Src/hal_gpio.c ****   hal_gpio_builtin_led_init();
 126              		.loc 1 9 3 view .LVU22
 127 0004 074B     		ldr	r3, .L7
 128 0006 9A69     		ldr	r2, [r3, #24]
 129 0008 42F02002 		orr	r2, r2, #32
 130 000c 9A61     		str	r2, [r3, #24]
   9:Src/hal_gpio.c ****   hal_gpio_builtin_led_init();
 131              		.loc 1 9 3 view .LVU23
 132 000e 9B69     		ldr	r3, [r3, #24]
 133 0010 03F02003 		and	r3, r3, #32
 134 0014 0193     		str	r3, [sp, #4]
   9:Src/hal_gpio.c ****   hal_gpio_builtin_led_init();
 135              		.loc 1 9 3 view .LVU24
 136 0016 019B     		ldr	r3, [sp, #4]
 137              	.LBE3:
   9:Src/hal_gpio.c ****   hal_gpio_builtin_led_init();
 138              		.loc 1 9 3 view .LVU25
  10:Src/hal_gpio.c **** }
ARM GAS  C:\Users\binhp\AppData\Local\Temp\ccCmVis2.s 			page 4


 139              		.loc 1 10 3 view .LVU26
 140 0018 FFF7FEFF 		bl	hal_gpio_builtin_led_init
 141              	.LVL2:
  11:Src/hal_gpio.c **** 
 142              		.loc 1 11 1 is_stmt 0 view .LVU27
 143 001c 03B0     		add	sp, sp, #12
 144              	.LCFI5:
 145              		.cfi_def_cfa_offset 4
 146              		@ sp needed
 147 001e 5DF804FB 		ldr	pc, [sp], #4
 148              	.L8:
 149 0022 00BF     		.align	2
 150              	.L7:
 151 0024 00100240 		.word	1073876992
 152              		.cfi_endproc
 153              	.LFE65:
 155              		.section	.text.hal_gpio_builtin_led_deinit,"ax",%progbits
 156              		.align	1
 157              		.global	hal_gpio_builtin_led_deinit
 158              		.syntax unified
 159              		.thumb
 160              		.thumb_func
 162              	hal_gpio_builtin_led_deinit:
 163              	.LFB67:
  29:Src/hal_gpio.c **** 
  30:Src/hal_gpio.c **** void hal_gpio_builtin_led_deinit()
  31:Src/hal_gpio.c **** {
 164              		.loc 1 31 1 is_stmt 1 view -0
 165              		.cfi_startproc
 166              		@ args = 0, pretend = 0, frame = 0
 167              		@ frame_needed = 0, uses_anonymous_args = 0
 168 0000 08B5     		push	{r3, lr}
 169              	.LCFI6:
 170              		.cfi_def_cfa_offset 8
 171              		.cfi_offset 3, -8
 172              		.cfi_offset 14, -4
  32:Src/hal_gpio.c ****   HAL_GPIO_DeInit(BUILTIN_LED_PORT, BUILTIN_LED_PIN);
 173              		.loc 1 32 3 view .LVU29
 174 0002 4FF40051 		mov	r1, #8192
 175 0006 0248     		ldr	r0, .L11
 176 0008 FFF7FEFF 		bl	HAL_GPIO_DeInit
 177              	.LVL3:
  33:Src/hal_gpio.c **** }
 178              		.loc 1 33 1 is_stmt 0 view .LVU30
 179 000c 08BD     		pop	{r3, pc}
 180              	.L12:
 181 000e 00BF     		.align	2
 182              	.L11:
 183 0010 00100140 		.word	1073811456
 184              		.cfi_endproc
 185              	.LFE67:
 187              		.text
 188              	.Letext0:
 189              		.file 2 "C:/msys64/mingw64/arm-none-eabi/include/machine/_default_types.h"
 190              		.file 3 "C:/msys64/mingw64/arm-none-eabi/include/sys/_stdint.h"
 191              		.file 4 "Drivers/CMSIS/Device/ST/STM32F1xx/Include/stm32f103xb.h"
 192              		.file 5 "Drivers/STM32F1xx_HAL_Driver/Inc/stm32f1xx_hal_gpio.h"
ARM GAS  C:\Users\binhp\AppData\Local\Temp\ccCmVis2.s 			page 5


ARM GAS  C:\Users\binhp\AppData\Local\Temp\ccCmVis2.s 			page 6


DEFINED SYMBOLS
                            *ABS*:00000000 hal_gpio.c
C:\Users\binhp\AppData\Local\Temp\ccCmVis2.s:19     .text.hal_gpio_builtin_led_init:00000000 $t
C:\Users\binhp\AppData\Local\Temp\ccCmVis2.s:25     .text.hal_gpio_builtin_led_init:00000000 hal_gpio_builtin_led_init
C:\Users\binhp\AppData\Local\Temp\ccCmVis2.s:98     .text.hal_gpio_builtin_led_init:00000048 $d
C:\Users\binhp\AppData\Local\Temp\ccCmVis2.s:104    .text.MX_GPIO_Init:00000000 $t
C:\Users\binhp\AppData\Local\Temp\ccCmVis2.s:110    .text.MX_GPIO_Init:00000000 MX_GPIO_Init
C:\Users\binhp\AppData\Local\Temp\ccCmVis2.s:151    .text.MX_GPIO_Init:00000024 $d
C:\Users\binhp\AppData\Local\Temp\ccCmVis2.s:156    .text.hal_gpio_builtin_led_deinit:00000000 $t
C:\Users\binhp\AppData\Local\Temp\ccCmVis2.s:162    .text.hal_gpio_builtin_led_deinit:00000000 hal_gpio_builtin_led_deinit
C:\Users\binhp\AppData\Local\Temp\ccCmVis2.s:183    .text.hal_gpio_builtin_led_deinit:00000010 $d

UNDEFINED SYMBOLS
HAL_GPIO_Init
HAL_GPIO_WritePin
HAL_GPIO_DeInit
