ARM GAS  C:\Users\binhp\AppData\Local\Temp\ccwZvF58.s 			page 1


   1              		.cpu cortex-m3
   2              		.arch armv7-m
   3              		.fpu softvfp
   4              		.eabi_attribute 20, 1
   5              		.eabi_attribute 21, 1
   6              		.eabi_attribute 23, 3
   7              		.eabi_attribute 24, 1
   8              		.eabi_attribute 25, 1
   9              		.eabi_attribute 26, 1
  10              		.eabi_attribute 30, 1
  11              		.eabi_attribute 34, 1
  12              		.eabi_attribute 18, 4
  13              		.file	"syscfg.c"
  14              		.text
  15              	.Ltext0:
  16              		.cfi_sections	.debug_frame
  17              		.file 1 "Src/syscfg.c"
  18              		.section	.text.SystemClock_Config,"ax",%progbits
  19              		.align	1
  20              		.global	SystemClock_Config
  21              		.syntax unified
  22              		.thumb
  23              		.thumb_func
  25              	SystemClock_Config:
  26              	.LFB65:
   1:Src/syscfg.c  **** #include "syscfg.h"
   2:Src/syscfg.c  **** 
   3:Src/syscfg.c  **** 
   4:Src/syscfg.c  **** void SystemClock_Config(void)
   5:Src/syscfg.c  **** {
  27              		.loc 1 5 1 view -0
  28              		.cfi_startproc
  29              		@ args = 0, pretend = 0, frame = 80
  30              		@ frame_needed = 0, uses_anonymous_args = 0
  31 0000 00B5     		push	{lr}
  32              	.LCFI0:
  33              		.cfi_def_cfa_offset 4
  34              		.cfi_offset 14, -4
  35 0002 95B0     		sub	sp, sp, #84
  36              	.LCFI1:
  37              		.cfi_def_cfa_offset 88
   6:Src/syscfg.c  ****   RCC_OscInitTypeDef RCC_OscInitStruct = {0};
  38              		.loc 1 6 3 view .LVU1
  39              		.loc 1 6 22 is_stmt 0 view .LVU2
  40 0004 2822     		movs	r2, #40
  41 0006 0021     		movs	r1, #0
  42 0008 0DEB0200 		add	r0, sp, r2
  43 000c FFF7FEFF 		bl	memset
  44              	.LVL0:
   7:Src/syscfg.c  ****   RCC_ClkInitTypeDef RCC_ClkInitStruct = {0};
  45              		.loc 1 7 3 is_stmt 1 view .LVU3
  46              		.loc 1 7 22 is_stmt 0 view .LVU4
  47 0010 0023     		movs	r3, #0
  48 0012 0593     		str	r3, [sp, #20]
  49 0014 0693     		str	r3, [sp, #24]
  50 0016 0793     		str	r3, [sp, #28]
  51 0018 0893     		str	r3, [sp, #32]
ARM GAS  C:\Users\binhp\AppData\Local\Temp\ccwZvF58.s 			page 2


  52 001a 0993     		str	r3, [sp, #36]
   8:Src/syscfg.c  ****   RCC_PeriphCLKInitTypeDef PeriphClkInit = {0};
  53              		.loc 1 8 3 is_stmt 1 view .LVU5
  54              		.loc 1 8 28 is_stmt 0 view .LVU6
  55 001c 0193     		str	r3, [sp, #4]
  56 001e 0293     		str	r3, [sp, #8]
  57 0020 0393     		str	r3, [sp, #12]
  58 0022 0493     		str	r3, [sp, #16]
   9:Src/syscfg.c  **** 
  10:Src/syscfg.c  ****   /** Initializes the RCC Oscillators according to the specified parameters
  11:Src/syscfg.c  ****   * in the RCC_OscInitTypeDef structure.
  12:Src/syscfg.c  ****   */
  13:Src/syscfg.c  ****   RCC_OscInitStruct.OscillatorType = RCC_OSCILLATORTYPE_HSE;
  59              		.loc 1 13 3 is_stmt 1 view .LVU7
  60              		.loc 1 13 36 is_stmt 0 view .LVU8
  61 0024 0122     		movs	r2, #1
  62 0026 0A92     		str	r2, [sp, #40]
  14:Src/syscfg.c  ****   RCC_OscInitStruct.HSEState = RCC_HSE_ON;
  63              		.loc 1 14 3 is_stmt 1 view .LVU9
  64              		.loc 1 14 30 is_stmt 0 view .LVU10
  65 0028 4FF48033 		mov	r3, #65536
  66 002c 0B93     		str	r3, [sp, #44]
  15:Src/syscfg.c  ****   RCC_OscInitStruct.HSEPredivValue = RCC_HSE_PREDIV_DIV1;
  67              		.loc 1 15 3 is_stmt 1 view .LVU11
  16:Src/syscfg.c  ****   RCC_OscInitStruct.HSIState = RCC_HSI_ON;
  68              		.loc 1 16 3 view .LVU12
  69              		.loc 1 16 30 is_stmt 0 view .LVU13
  70 002e 0E92     		str	r2, [sp, #56]
  17:Src/syscfg.c  ****   RCC_OscInitStruct.PLL.PLLState = RCC_PLL_ON;
  71              		.loc 1 17 3 is_stmt 1 view .LVU14
  72              		.loc 1 17 34 is_stmt 0 view .LVU15
  73 0030 0222     		movs	r2, #2
  74 0032 1192     		str	r2, [sp, #68]
  18:Src/syscfg.c  ****   RCC_OscInitStruct.PLL.PLLSource = RCC_PLLSOURCE_HSE;
  75              		.loc 1 18 3 is_stmt 1 view .LVU16
  76              		.loc 1 18 35 is_stmt 0 view .LVU17
  77 0034 1293     		str	r3, [sp, #72]
  19:Src/syscfg.c  ****   RCC_OscInitStruct.PLL.PLLMUL = RCC_PLL_MUL9;
  78              		.loc 1 19 3 is_stmt 1 view .LVU18
  79              		.loc 1 19 32 is_stmt 0 view .LVU19
  80 0036 4FF4E013 		mov	r3, #1835008
  81 003a 1393     		str	r3, [sp, #76]
  20:Src/syscfg.c  ****   if (HAL_RCC_OscConfig(&RCC_OscInitStruct) != HAL_OK)
  82              		.loc 1 20 3 is_stmt 1 view .LVU20
  83              		.loc 1 20 7 is_stmt 0 view .LVU21
  84 003c 0AA8     		add	r0, sp, #40
  85 003e FFF7FEFF 		bl	HAL_RCC_OscConfig
  86              	.LVL1:
  87              		.loc 1 20 6 discriminator 1 view .LVU22
  88 0042 C8B9     		cbnz	r0, .L6
  89              	.L2:
  21:Src/syscfg.c  ****   {
  22:Src/syscfg.c  ****     Error_Handler();
  23:Src/syscfg.c  ****   }
  24:Src/syscfg.c  **** 
  25:Src/syscfg.c  ****   /** Initializes the CPU, AHB and APB buses clocks
  26:Src/syscfg.c  ****   */
ARM GAS  C:\Users\binhp\AppData\Local\Temp\ccwZvF58.s 			page 3


  27:Src/syscfg.c  ****   RCC_ClkInitStruct.ClockType = RCC_CLOCKTYPE_HCLK|RCC_CLOCKTYPE_SYSCLK
  90              		.loc 1 27 3 is_stmt 1 view .LVU23
  91              		.loc 1 27 31 is_stmt 0 view .LVU24
  92 0044 0F23     		movs	r3, #15
  93 0046 0593     		str	r3, [sp, #20]
  28:Src/syscfg.c  ****                               |RCC_CLOCKTYPE_PCLK1|RCC_CLOCKTYPE_PCLK2;
  29:Src/syscfg.c  ****   RCC_ClkInitStruct.SYSCLKSource = RCC_SYSCLKSOURCE_PLLCLK;
  94              		.loc 1 29 3 is_stmt 1 view .LVU25
  95              		.loc 1 29 34 is_stmt 0 view .LVU26
  96 0048 0221     		movs	r1, #2
  97 004a 0691     		str	r1, [sp, #24]
  30:Src/syscfg.c  ****   RCC_ClkInitStruct.AHBCLKDivider = RCC_SYSCLK_DIV1;
  98              		.loc 1 30 3 is_stmt 1 view .LVU27
  99              		.loc 1 30 35 is_stmt 0 view .LVU28
 100 004c 0023     		movs	r3, #0
 101 004e 0793     		str	r3, [sp, #28]
  31:Src/syscfg.c  ****   RCC_ClkInitStruct.APB1CLKDivider = RCC_HCLK_DIV2;
 102              		.loc 1 31 3 is_stmt 1 view .LVU29
 103              		.loc 1 31 36 is_stmt 0 view .LVU30
 104 0050 4FF48062 		mov	r2, #1024
 105 0054 0892     		str	r2, [sp, #32]
  32:Src/syscfg.c  ****   RCC_ClkInitStruct.APB2CLKDivider = RCC_HCLK_DIV1;
 106              		.loc 1 32 3 is_stmt 1 view .LVU31
 107              		.loc 1 32 36 is_stmt 0 view .LVU32
 108 0056 0993     		str	r3, [sp, #36]
  33:Src/syscfg.c  **** 
  34:Src/syscfg.c  ****   if (HAL_RCC_ClockConfig(&RCC_ClkInitStruct, FLASH_LATENCY_2) != HAL_OK)
 109              		.loc 1 34 3 is_stmt 1 view .LVU33
 110              		.loc 1 34 7 is_stmt 0 view .LVU34
 111 0058 05A8     		add	r0, sp, #20
 112 005a FFF7FEFF 		bl	HAL_RCC_ClockConfig
 113              	.LVL2:
 114              		.loc 1 34 6 discriminator 1 view .LVU35
 115 005e 70B9     		cbnz	r0, .L7
 116              	.L3:
  35:Src/syscfg.c  ****   {
  36:Src/syscfg.c  ****     Error_Handler();
  37:Src/syscfg.c  ****   }
  38:Src/syscfg.c  ****   PeriphClkInit.PeriphClockSelection = RCC_PERIPHCLK_ADC;
 117              		.loc 1 38 3 is_stmt 1 view .LVU36
 118              		.loc 1 38 38 is_stmt 0 view .LVU37
 119 0060 0223     		movs	r3, #2
 120 0062 0193     		str	r3, [sp, #4]
  39:Src/syscfg.c  ****   PeriphClkInit.AdcClockSelection = RCC_ADCPCLK2_DIV6;
 121              		.loc 1 39 3 is_stmt 1 view .LVU38
 122              		.loc 1 39 35 is_stmt 0 view .LVU39
 123 0064 4FF40043 		mov	r3, #32768
 124 0068 0393     		str	r3, [sp, #12]
  40:Src/syscfg.c  ****   if (HAL_RCCEx_PeriphCLKConfig(&PeriphClkInit) != HAL_OK)
 125              		.loc 1 40 3 is_stmt 1 view .LVU40
 126              		.loc 1 40 7 is_stmt 0 view .LVU41
 127 006a 01A8     		add	r0, sp, #4
 128 006c FFF7FEFF 		bl	HAL_RCCEx_PeriphCLKConfig
 129              	.LVL3:
 130              		.loc 1 40 6 discriminator 1 view .LVU42
 131 0070 40B9     		cbnz	r0, .L8
 132              	.L1:
ARM GAS  C:\Users\binhp\AppData\Local\Temp\ccwZvF58.s 			page 4


  41:Src/syscfg.c  ****   {
  42:Src/syscfg.c  ****     Error_Handler();
  43:Src/syscfg.c  ****   }
  44:Src/syscfg.c  **** }...
 133              		.loc 1 44 1 view .LVU43
 134 0072 15B0     		add	sp, sp, #84
 135              	.LCFI2:
 136              		.cfi_remember_state
 137              		.cfi_def_cfa_offset 4
 138              		@ sp needed
 139 0074 5DF804FB 		ldr	pc, [sp], #4
 140              	.L6:
 141              	.LCFI3:
 142              		.cfi_restore_state
  22:Src/syscfg.c  ****     Error_Handler();
 143              		.loc 1 22 5 is_stmt 1 view .LVU44
 144 0078 FFF7FEFF 		bl	Error_Handler
 145              	.LVL4:
 146 007c E2E7     		b	.L2
 147              	.L7:
  36:Src/syscfg.c  ****     Error_Handler();
 148              		.loc 1 36 5 view .LVU45
 149 007e FFF7FEFF 		bl	Error_Handler
 150              	.LVL5:
 151 0082 EDE7     		b	.L3
 152              	.L8:
  42:Src/syscfg.c  ****     Error_Handler();
 153              		.loc 1 42 5 view .LVU46
 154 0084 FFF7FEFF 		bl	Error_Handler
 155              	.LVL6:
 156              		.loc 1 44 1 is_stmt 0 view .LVU47
 157 0088 F3E7     		b	.L1
 158              		.cfi_endproc
 159              	.LFE65:
 161              		.text
 162              	.Letext0:
 163              		.file 2 "C:/msys64/mingw64/arm-none-eabi/include/machine/_default_types.h"
 164              		.file 3 "C:/msys64/mingw64/arm-none-eabi/include/sys/_stdint.h"
 165              		.file 4 "Drivers/STM32F1xx_HAL_Driver/Inc/stm32f1xx_hal_def.h"
 166              		.file 5 "Drivers/STM32F1xx_HAL_Driver/Inc/stm32f1xx_hal_rcc.h"
 167              		.file 6 "Drivers/STM32F1xx_HAL_Driver/Inc/stm32f1xx_hal_rcc_ex.h"
 168              		.file 7 "Inc/main.h"
 169              		.file 8 "<built-in>"
ARM GAS  C:\Users\binhp\AppData\Local\Temp\ccwZvF58.s 			page 5


DEFINED SYMBOLS
                            *ABS*:00000000 syscfg.c
C:\Users\binhp\AppData\Local\Temp\ccwZvF58.s:19     .text.SystemClock_Config:00000000 $t
C:\Users\binhp\AppData\Local\Temp\ccwZvF58.s:25     .text.SystemClock_Config:00000000 SystemClock_Config

UNDEFINED SYMBOLS
memset
HAL_RCC_OscConfig
HAL_RCC_ClockConfig
HAL_RCCEx_PeriphCLKConfig
Error_Handler
